Mon, 12 Jun 2023 09:28:58 GMT
CatchAll error
Stack: MongooseError: Operation `products.find()` buffering timed out after 10000ms
    at Timeout.<anonymous> (C:\FullStack\Projects\FullStack-MEAN-Systems\AM-PM\Backend\node_modules\mongoose\lib\drivers\node-mongodb-native\collection.js:185:23)
    at listOnTimeout (node:internal/timers:569:17)
    at processTimers (node:internal/timers:512:7)
----------------------------------------------------------------------------------------------------
Mon, 12 Jun 2023 09:29:32 GMT
CatchAll error
Stack: MongooseError: Operation `products.find()` buffering timed out after 10000ms
    at Timeout.<anonymous> (C:\FullStack\Projects\FullStack-MEAN-Systems\AM-PM\Backend\node_modules\mongoose\lib\drivers\node-mongodb-native\collection.js:185:23)
    at listOnTimeout (node:internal/timers:569:17)
    at processTimers (node:internal/timers:512:7)
----------------------------------------------------------------------------------------------------
Mon, 12 Jun 2023 14:27:08 GMT
CatchAll error
Stack: StrictPopulateError: Cannot populate path `category` because it is not in your schema. Set the `strictPopulate` option to false to override.
    at getModelsMapForPopulate (C:\FullStack\Projects\FullStack-MEAN-Systems\AM-PM\Backend\node_modules\mongoose\lib\helpers\populate\getModelsMapForPopulate.js:49:12)
    at populate (C:\FullStack\Projects\FullStack-MEAN-Systems\AM-PM\Backend\node_modules\mongoose\lib\model.js:4253:21)
    at _populate (C:\FullStack\Projects\FullStack-MEAN-Systems\AM-PM\Backend\node_modules\mongoose\lib\model.js:4213:5)
    at C:\FullStack\Projects\FullStack-MEAN-Systems\AM-PM\Backend\node_modules\mongoose\lib\model.js:4185:5
    at new Promise (<anonymous>)
    at Function.populate (C:\FullStack\Projects\FullStack-MEAN-Systems\AM-PM\Backend\node_modules\mongoose\lib\model.js:4184:10)
    at model.Query._find (C:\FullStack\Projects\FullStack-MEAN-Systems\AM-PM\Backend\node_modules\mongoose\lib\query.js:2294:20)
    at processTicksAndRejections (node:internal/process/task_queues:95:5)
    at async model.Query.exec (C:\FullStack\Projects\FullStack-MEAN-Systems\AM-PM\Backend\node_modules\mongoose\lib\query.js:4404:11)
----------------------------------------------------------------------------------------------------
